c:\users\amer unreal pc\desktop\3drendererproject\3drenderersln\myproject\x64\debug\vc143.pdb
c:\users\amer unreal pc\desktop\3drendererproject\3drenderersln\myproject\x64\debug\vc143.idb
c:\users\amer unreal pc\desktop\3drendererproject\3drenderersln\myproject\x64\debug\vector.obj
c:\users\amer unreal pc\desktop\3drendererproject\3drenderersln\myproject\x64\debug\upng.obj
c:\users\amer unreal pc\desktop\3drendererproject\3drenderersln\myproject\x64\debug\triangle.obj
c:\users\amer unreal pc\desktop\3drendererproject\3drenderersln\myproject\x64\debug\texture.obj
c:\users\amer unreal pc\desktop\3drendererproject\3drenderersln\myproject\x64\debug\swap.obj
c:\users\amer unreal pc\desktop\3drendererproject\3drenderersln\myproject\x64\debug\mesh.obj
c:\users\amer unreal pc\desktop\3drendererproject\3drenderersln\myproject\x64\debug\matrix.obj
c:\users\amer unreal pc\desktop\3drendererproject\3drenderersln\myproject\x64\debug\main.obj
c:\users\amer unreal pc\desktop\3drendererproject\3drenderersln\myproject\x64\debug\light.obj
c:\users\amer unreal pc\desktop\3drendererproject\3drenderersln\myproject\x64\debug\display.obj
c:\users\amer unreal pc\desktop\3drendererproject\3drenderersln\myproject\x64\debug\clipping.obj
c:\users\amer unreal pc\desktop\3drendererproject\3drenderersln\myproject\x64\debug\camera.obj
c:\users\amer unreal pc\desktop\3drendererproject\3drenderersln\myproject\x64\debug\array.obj
c:\users\amer unreal pc\desktop\3drendererproject\3drenderersln\x64\debug\myproject.exe
c:\users\amer unreal pc\desktop\3drendererproject\3drenderersln\myproject\x64\debug\myproject.ilk
c:\users\amer unreal pc\desktop\3drendererproject\3drenderersln\x64\debug\myproject.pdb
c:\users\amer unreal pc\desktop\3drendererproject\3drenderersln\myproject\x64\debug\myproject.tlog\cl.command.1.tlog
c:\users\amer unreal pc\desktop\3drendererproject\3drenderersln\myproject\x64\debug\myproject.tlog\cl.read.1.tlog
c:\users\amer unreal pc\desktop\3drendererproject\3drenderersln\myproject\x64\debug\myproject.tlog\cl.write.1.tlog
c:\users\amer unreal pc\desktop\3drendererproject\3drenderersln\myproject\x64\debug\myproject.tlog\link.command.1.tlog
c:\users\amer unreal pc\desktop\3drendererproject\3drenderersln\myproject\x64\debug\myproject.tlog\link.read.1.tlog
c:\users\amer unreal pc\desktop\3drendererproject\3drenderersln\myproject\x64\debug\myproject.tlog\link.write.1.tlog
